<?xml version="1.0" encoding="UTF-8"?>
<testng-results skipped="0" failed="0" ignored="0" total="2" passed="2">
  <reporter-output>
  </reporter-output>
  <suite name="Surefire suite" duration-ms="25652" started-at="2021-12-09T16:42:57Z" finished-at="2021-12-09T16:43:23Z">
    <groups>
    </groups>
    <test name="Surefire test" duration-ms="25652" started-at="2021-12-09T16:42:57Z" finished-at="2021-12-09T16:43:23Z">
      <class name="com.qa.blazedemo.test.HomePageTest">
        <test-method status="PASS" signature="verifyPageTitleTest()[pri:1, instance:com.qa.blazedemo.test.HomePageTest@6df97b55]" name="verifyPageTitleTest" duration-ms="5" started-at="2021-12-09T16:43:20Z" finished-at="2021-12-09T16:43:20Z">
          <reporter-output>
          </reporter-output>
        </test-method> <!-- verifyPageTitleTest -->
      </class> <!-- com.qa.blazedemo.test.HomePageTest -->
      <class name="com.qa.blazedemo.test.FlightPageTest">
        <test-method status="PASS" signature="setUp()[pri:0, instance:com.qa.blazedemo.test.FlightPageTest@366e2eef]" name="setUp" is-config="true" duration-ms="13971" started-at="2021-12-09T16:42:57Z" finished-at="2021-12-09T16:43:11Z">
          <reporter-output>
          </reporter-output>
        </test-method> <!-- setUp -->
        <test-method status="PASS" signature="setUp()[pri:0, instance:com.qa.blazedemo.test.HomePageTest@6df97b55]" name="setUp" is-config="true" duration-ms="8873" started-at="2021-12-09T16:43:11Z" finished-at="2021-12-09T16:43:20Z">
          <reporter-output>
          </reporter-output>
        </test-method> <!-- setUp -->
        <test-method status="PASS" signature="verifyPageTitleTest()[pri:1, instance:com.qa.blazedemo.test.FlightPageTest@366e2eef]" name="verifyPageTitleTest" duration-ms="113" started-at="2021-12-09T16:43:20Z" finished-at="2021-12-09T16:43:20Z">
          <reporter-output>
          </reporter-output>
        </test-method> <!-- verifyPageTitleTest -->
        <test-method status="PASS" signature="tearDown()[pri:0, instance:com.qa.blazedemo.test.FlightPageTest@366e2eef]" name="tearDown" is-config="true" duration-ms="1453" started-at="2021-12-09T16:43:20Z" finished-at="2021-12-09T16:43:22Z">
          <reporter-output>
          </reporter-output>
        </test-method> <!-- tearDown -->
        <test-method status="PASS" signature="tearDown()[pri:0, instance:com.qa.blazedemo.test.HomePageTest@6df97b55]" name="tearDown" is-config="true" duration-ms="1203" started-at="2021-12-09T16:43:22Z" finished-at="2021-12-09T16:43:23Z">
          <reporter-output>
          </reporter-output>
        </test-method> <!-- tearDown -->
      </class> <!-- com.qa.blazedemo.test.FlightPageTest -->
    </test> <!-- Surefire test -->
  </suite> <!-- Surefire suite -->
</testng-results>
